<?xml version="1.0" encoding="UTF-8"?>
<!-- Generated by org.testng.reporters.JUnitReportReporter -->
<testsuite hostname="Mapletech" failures="0" tests="1" name="edu.sms.teacher.MavenPractise" time="0.012" errors="0" timestamp="2023-03-07T17:55:14 IST" skipped="0">
  <testcase classname="edu.sms.teacher.MavenPractise" name="mvnPractise" time="0.012"/>
  <system-out/>
</testsuite> <!-- edu.sms.teacher.MavenPractise -->
