<?xml version="1.0" encoding="UTF-8"?>
<!-- Generated by org.testng.reporters.JUnitReportReporter -->
<testsuite hostname="Mapletech" failures="0" tests="2" name="com.practise.Practise" time="0.016" errors="0" timestamp="2023-03-12T21:58:48 IST" skipped="0">
  <testcase classname="com.practise.Practise" name="test1" time="0.006"/>
  <system-out/>
  <testcase classname="com.practise.Practise" name="test1" time="0.010"/>
  <system-out/>
</testsuite> <!-- com.practise.Practise -->
