<?xml version="1.0" encoding="UTF-8"?>
<!-- Generated by org.testng.reporters.JUnitReportReporter -->
<testsuite hostname="Mapletech" failures="0" tests="3" name="edu.sms.teacher.TestNGClass2Test" time="0.003" errors="0" timestamp="2023-03-14T17:05:32 IST" skipped="0">
  <testcase classname="edu.sms.teacher.TestNGClass2Test" name="test2" time="0.001"/>
  <system-out/>
  <testcase classname="edu.sms.teacher.TestNGClass2Test" name="test1" time="0.001"/>
  <system-out/>
  <testcase classname="edu.sms.teacher.TestNGClass2Test" name="test3" time="0.001"/>
  <system-out/>
</testsuite> <!-- edu.sms.teacher.TestNGClass2Test -->
