<?xml version="1.0" encoding="UTF-8"?>
<!-- Generated by org.testng.reporters.JUnitReportReporter -->
<testsuite hostname="Mapletech" failures="0" tests="1" name="edu.sms.teacher.AddAndVerifyAssignedSubject" time="10.831" errors="0" timestamp="2023-02-27T12:40:19 IST" skipped="0">
  <testcase classname="edu.sms.teacher.AddAndVerifyAssignedSubject" name="addAndVerifyAssignedSubject" time="10.831"/>
  <system-out/>
</testsuite> <!-- edu.sms.teacher.AddAndVerifyAssignedSubject -->
