<?xml version="1.0" encoding="UTF-8"?>
<!-- Generated by org.testng.reporters.JUnitReportReporter -->
<testsuite hostname="Mapletech" failures="0" tests="4" name="edu.sms.supervisor.DataProvide" time="0.020" errors="0" timestamp="2023-04-02T15:19:11 IST" skipped="0">
  <testcase classname="edu.sms.supervisor.DataProvide" name="test1" time="0.001"/>
  <system-out/>
  <testcase classname="edu.sms.supervisor.DataProvide" name="test1" time="0.006"/>
  <system-out/>
  <testcase classname="edu.sms.supervisor.DataProvide" name="test1" time="0.002"/>
  <system-out/>
  <testcase classname="edu.sms.supervisor.DataProvide" name="test1" time="0.011"/>
  <system-out/>
</testsuite> <!-- edu.sms.supervisor.DataProvide -->
