<?xml version="1.0" encoding="UTF-8"?>
<!-- Generated by org.testng.reporters.JUnitReportReporter -->
<testsuite hostname="Mapletech" failures="0" tests="11" name="edu.properties.practise.TestNGDataProvider" time="0.048" errors="0" timestamp="2023-02-24T13:29:24 IST" skipped="0">
  <testcase classname="edu.properties.practise.TestNGDataProvider" name="getData" time="0.007"/>
  <system-out/>
  <testcase classname="edu.properties.practise.TestNGDataProvider" name="getData" time="0.003"/>
  <system-out/>
  <testcase classname="edu.properties.practise.TestNGDataProvider" name="getData" time="0.002"/>
  <system-out/>
  <testcase classname="edu.properties.practise.TestNGDataProvider" name="getData" time="0.002"/>
  <system-out/>
  <testcase classname="edu.properties.practise.TestNGDataProvider" name="getData" time="0.003"/>
  <system-out/>
  <testcase classname="edu.properties.practise.TestNGDataProvider" name="getData" time="0.003"/>
  <system-out/>
  <testcase classname="edu.properties.practise.TestNGDataProvider" name="getData" time="0.005"/>
  <system-out/>
  <testcase classname="edu.properties.practise.TestNGDataProvider" name="getData" time="0.010"/>
  <system-out/>
  <testcase classname="edu.properties.practise.TestNGDataProvider" name="getData" time="0.002"/>
  <system-out/>
  <testcase classname="edu.properties.practise.TestNGDataProvider" name="getData" time="0.004"/>
  <system-out/>
  <testcase classname="edu.properties.practise.TestNGDataProvider" name="getData" time="0.007"/>
  <system-out/>
</testsuite> <!-- edu.properties.practise.TestNGDataProvider -->
