<?xml version="1.0" encoding="UTF-8"?>
<!-- Generated by org.testng.reporters.JUnitReportReporter -->
<testsuite hostname="Mapletech" failures="0" tests="1" name="edu.sms.guardian.AddAndVerifyMySonsTimetable" time="12.700" errors="0" timestamp="2023-03-14T17:08:36 IST" skipped="0">
  <testcase classname="edu.sms.guardian.AddAndVerifyMySonsTimetable" name="addAndVerifyMySonsTimetable" time="12.700"/>
  <system-out/>
</testsuite> <!-- edu.sms.guardian.AddAndVerifyMySonsTimetable -->
