<?xml version="1.0" encoding="UTF-8"?>
<!-- Generated by org.testng.reporters.JUnitReportReporter -->
<testsuite hostname="Mapletech" failures="0" tests="1" name="edu.sms.teacher.TestNGClass3" time="0.001" errors="0" timestamp="2023-02-27T15:07:20 IST" skipped="0">
  <testcase classname="edu.sms.teacher.TestNGClass3" name="test3" time="0.001"/>
  <system-out/>
</testsuite> <!-- edu.sms.teacher.TestNGClass3 -->
