<?xml version="1.0" encoding="UTF-8"?>
<!-- Generated by org.testng.reporters.JUnitReportReporter -->
<testsuite hostname="Mapletech" failures="0" tests="1" name="edu.properties.practise.TestNGPractiseClass" time="0.009" errors="0" timestamp="2023-02-23T12:12:48 IST" skipped="0">
  <testcase classname="edu.properties.practise.TestNGPractiseClass" name="test1" time="0.009"/>
  <system-out/>
</testsuite> <!-- edu.properties.practise.TestNGPractiseClass -->
